This file contains any messages produced by compilers while
running configure, to aid debugging if configure makes a mistake.

It was created by libpaillier configure 0.8, which was
generated by GNU Autoconf 2.64.  Invocation command line was

  $ ./configure 

## --------- ##
## Platform. ##
## --------- ##

hostname = pony
uname -m = x86_64
uname -r = 3.13.0-32-generic
uname -s = Linux
uname -v = #57-Ubuntu SMP Tue Jul 15 03:51:08 UTC 2014

/usr/bin/uname -p = unknown
/bin/uname -X     = unknown

/bin/arch              = unknown
/usr/bin/arch -k       = unknown
/usr/convex/getsysinfo = unknown
/usr/bin/hostinfo      = unknown
/bin/machine           = unknown
/usr/bin/oslevel       = unknown
/bin/universe          = unknown

PATH: /usr/local/sbin
PATH: /usr/local/bin
PATH: /usr/sbin
PATH: /usr/bin
PATH: /sbin
PATH: /bin


## ----------- ##
## Core tests. ##
## ----------- ##

configure:2182: checking for gcc
configure:2198: found /usr/bin/gcc
configure:2209: result: gcc
configure:2438: checking for C compiler version
configure:2447: gcc --version >&5
gcc (Ubuntu 4.8.2-19ubuntu1) 4.8.2
Copyright (C) 2013 Free Software Foundation, Inc.
This is free software; see the source for copying conditions.  There is NO
warranty; not even for MERCHANTABILITY or FITNESS FOR A PARTICULAR PURPOSE.

configure:2458: $? = 0
configure:2447: gcc -v >&5
Using built-in specs.
COLLECT_GCC=gcc
COLLECT_LTO_WRAPPER=/usr/lib/gcc/x86_64-linux-gnu/4.8/lto-wrapper
Target: x86_64-linux-gnu
Configured with: ../src/configure -v --with-pkgversion='Ubuntu 4.8.2-19ubuntu1' --with-bugurl=file:///usr/share/doc/gcc-4.8/README.Bugs --enable-languages=c,c++,java,go,d,fortran,objc,obj-c++ --prefix=/usr --program-suffix=-4.8 --enable-shared --enable-linker-build-id --libexecdir=/usr/lib --without-included-gettext --enable-threads=posix --with-gxx-include-dir=/usr/include/c++/4.8 --libdir=/usr/lib --enable-nls --with-sysroot=/ --enable-clocale=gnu --enable-libstdcxx-debug --enable-libstdcxx-time=yes --enable-gnu-unique-object --disable-libmudflap --enable-plugin --with-system-zlib --disable-browser-plugin --enable-java-awt=gtk --enable-gtk-cairo --with-java-home=/usr/lib/jvm/java-1.5.0-gcj-4.8-amd64/jre --enable-java-home --with-jvm-root-dir=/usr/lib/jvm/java-1.5.0-gcj-4.8-amd64 --with-jvm-jar-dir=/usr/lib/jvm-exports/java-1.5.0-gcj-4.8-amd64 --with-arch-directory=amd64 --with-ecj-jar=/usr/share/java/eclipse-ecj.jar --enable-objc-gc --enable-multiarch --disable-werror --with-arch-32=i686 --with-abi=m64 --with-multilib-list=m32,m64,mx32 --with-tune=generic --enable-checking=release --build=x86_64-linux-gnu --host=x86_64-linux-gnu --target=x86_64-linux-gnu
Thread model: posix
gcc version 4.8.2 (Ubuntu 4.8.2-19ubuntu1) 
configure:2458: $? = 0
configure:2447: gcc -V >&5
gcc: error: unrecognized command line option '-V'
gcc: fatal error: no input files
compilation terminated.
configure:2458: $? = 4
configure:2447: gcc -qversion >&5
gcc: error: unrecognized command line option '-qversion'
gcc: fatal error: no input files
compilation terminated.
configure:2458: $? = 4
configure:2480: checking for C compiler default output file name
configure:2502: gcc -O3 -Wall  -O3 -Wall conftest.c  >&5
configure:2506: $? = 0
configure:2543: result: a.out
configure:2559: checking whether the C compiler works
configure:2568: ./a.out
configure:2572: $? = 0
configure:2587: result: yes
configure:2594: checking whether we are cross compiling
configure:2596: result: no
configure:2599: checking for suffix of executables
configure:2606: gcc -o conftest -O3 -Wall  -O3 -Wall conftest.c  >&5
configure:2610: $? = 0
configure:2632: result: 
configure:2638: checking for suffix of object files
configure:2660: gcc -c -O3 -Wall  conftest.c >&5
configure:2664: $? = 0
configure:2685: result: o
configure:2689: checking whether we are using the GNU C compiler
configure:2708: gcc -c -O3 -Wall  conftest.c >&5
configure:2708: $? = 0
configure:2717: result: yes
configure:2726: checking whether gcc accepts -g
configure:2746: gcc -c -g  conftest.c >&5
configure:2746: $? = 0
configure:2787: result: yes
configure:2804: checking for gcc option to accept ISO C89
configure:2868: gcc  -c -O3 -Wall  conftest.c >&5
configure:2868: $? = 0
configure:2881: result: none needed
configure:2914: checking how to run the C preprocessor
configure:2945: gcc -E  conftest.c
configure:2945: $? = 0
configure:2959: gcc -E  conftest.c
conftest.c:9:28: fatal error: ac_nonexistent.h: No such file or directory
 #include <ac_nonexistent.h>
                            ^
compilation terminated.
configure:2959: $? = 1
configure: failed program was:
| /* confdefs.h */
| #define PACKAGE_NAME "libpaillier"
| #define PACKAGE_TARNAME "libpaillier"
| #define PACKAGE_VERSION "0.8"
| #define PACKAGE_STRING "libpaillier 0.8"
| #define PACKAGE_BUGREPORT "bethenco@cs.berkeley.edu"
| #define PACKAGE_URL ""
| /* end confdefs.h.  */
| #include <ac_nonexistent.h>
configure:2984: result: gcc -E
configure:3004: gcc -E  conftest.c
configure:3004: $? = 0
configure:3018: gcc -E  conftest.c
conftest.c:9:28: fatal error: ac_nonexistent.h: No such file or directory
 #include <ac_nonexistent.h>
                            ^
compilation terminated.
configure:3018: $? = 1
configure: failed program was:
| /* confdefs.h */
| #define PACKAGE_NAME "libpaillier"
| #define PACKAGE_TARNAME "libpaillier"
| #define PACKAGE_VERSION "0.8"
| #define PACKAGE_STRING "libpaillier 0.8"
| #define PACKAGE_BUGREPORT "bethenco@cs.berkeley.edu"
| #define PACKAGE_URL ""
| /* end confdefs.h.  */
| #include <ac_nonexistent.h>
configure:3047: checking for grep that handles long lines and -e
configure:3105: result: /bin/grep
configure:3110: checking for egrep
configure:3172: result: /bin/grep -E
configure:3177: checking for ANSI C header files
configure:3197: gcc -c -O3 -Wall  conftest.c >&5
configure:3197: $? = 0
configure:3270: gcc -o conftest -O3 -Wall  -O3 -Wall conftest.c  >&5
configure:3270: $? = 0
configure:3270: ./conftest
configure:3270: $? = 0
configure:3281: result: yes
configure:3294: checking for sys/types.h
configure:3294: gcc -c -O3 -Wall  conftest.c >&5
configure:3294: $? = 0
configure:3294: result: yes
configure:3294: checking for sys/stat.h
configure:3294: gcc -c -O3 -Wall  conftest.c >&5
configure:3294: $? = 0
configure:3294: result: yes
configure:3294: checking for stdlib.h
configure:3294: gcc -c -O3 -Wall  conftest.c >&5
configure:3294: $? = 0
configure:3294: result: yes
configure:3294: checking for string.h
configure:3294: gcc -c -O3 -Wall  conftest.c >&5
configure:3294: $? = 0
configure:3294: result: yes
configure:3294: checking for memory.h
configure:3294: gcc -c -O3 -Wall  conftest.c >&5
configure:3294: $? = 0
configure:3294: result: yes
configure:3294: checking for strings.h
configure:3294: gcc -c -O3 -Wall  conftest.c >&5
configure:3294: $? = 0
configure:3294: result: yes
configure:3294: checking for inttypes.h
configure:3294: gcc -c -O3 -Wall  conftest.c >&5
configure:3294: $? = 0
configure:3294: result: yes
configure:3294: checking for stdint.h
configure:3294: gcc -c -O3 -Wall  conftest.c >&5
configure:3294: $? = 0
configure:3294: result: yes
configure:3294: checking for unistd.h
configure:3294: gcc -c -O3 -Wall  conftest.c >&5
configure:3294: $? = 0
configure:3294: result: yes
configure:3310: checking for stdlib.h
configure:3310: result: yes
configure:3310: checking for string.h
configure:3310: result: yes
configure:3326: checking for stdlib.h
configure:3326: result: yes
configure:3336: checking for GNU libc compatible malloc
configure:3360: gcc -o conftest -O3 -Wall  -O3 -Wall conftest.c  >&5
configure:3360: $? = 0
configure:3360: ./conftest
configure:3360: $? = 0
configure:3370: result: yes
configure:3393: checking for stdlib.h
configure:3393: result: yes
configure:3403: checking for GNU libc compatible realloc
configure:3427: gcc -o conftest -O3 -Wall  -O3 -Wall conftest.c  >&5
configure:3427: $? = 0
configure:3427: ./conftest
configure:3427: $? = 0
configure:3437: result: yes
configure:3458: checking for size_t
configure:3458: gcc -c -O3 -Wall  conftest.c >&5
configure:3458: $? = 0
configure:3458: gcc -c -O3 -Wall  conftest.c >&5
conftest.c: In function 'main':
conftest.c:61:21: error: expected expression before ')' token
 if (sizeof ((size_t)))
                     ^
configure:3458: $? = 1
configure: failed program was:
| /* confdefs.h */
| #define PACKAGE_NAME "libpaillier"
| #define PACKAGE_TARNAME "libpaillier"
| #define PACKAGE_VERSION "0.8"
| #define PACKAGE_STRING "libpaillier 0.8"
| #define PACKAGE_BUGREPORT "bethenco@cs.berkeley.edu"
| #define PACKAGE_URL ""
| #define STDC_HEADERS 1
| #define HAVE_SYS_TYPES_H 1
| #define HAVE_SYS_STAT_H 1
| #define HAVE_STDLIB_H 1
| #define HAVE_STRING_H 1
| #define HAVE_MEMORY_H 1
| #define HAVE_STRINGS_H 1
| #define HAVE_INTTYPES_H 1
| #define HAVE_STDINT_H 1
| #define HAVE_UNISTD_H 1
| #define HAVE_STDLIB_H 1
| #define HAVE_STRING_H 1
| #define HAVE_STDLIB_H 1
| #define HAVE_MALLOC 1
| #define HAVE_STDLIB_H 1
| #define HAVE_REALLOC 1
| /* end confdefs.h.  */
| #include <stdio.h>
| #ifdef HAVE_SYS_TYPES_H
| # include <sys/types.h>
| #endif
| #ifdef HAVE_SYS_STAT_H
| # include <sys/stat.h>
| #endif
| #ifdef STDC_HEADERS
| # include <stdlib.h>
| # include <stddef.h>
| #else
| # ifdef HAVE_STDLIB_H
| #  include <stdlib.h>
| # endif
| #endif
| #ifdef HAVE_STRING_H
| # if !defined STDC_HEADERS && defined HAVE_MEMORY_H
| #  include <memory.h>
| # endif
| # include <string.h>
| #endif
| #ifdef HAVE_STRINGS_H
| # include <strings.h>
| #endif
| #ifdef HAVE_INTTYPES_H
| # include <inttypes.h>
| #endif
| #ifdef HAVE_STDINT_H
| # include <stdint.h>
| #endif
| #ifdef HAVE_UNISTD_H
| # include <unistd.h>
| #endif
| int
| main ()
| {
| if (sizeof ((size_t)))
| 	    return 0;
|   ;
|   return 0;
| }
configure:3458: result: yes
configure:3471: checking for memset
configure:3471: gcc -o conftest -O3 -Wall  -O3 -Wall conftest.c  >&5
conftest.c:48:6: warning: conflicting types for built-in function 'memset' [enabled by default]
 char memset ();
      ^
configure:3471: $? = 0
configure:3471: result: yes
configure:3534: checking for GMP >= 3.1.1
configure:3569: gcc -o conftest -O3 -Wall   -O3 -Wall conftest.c  -lgmp >&5
configure:3569: $? = 0
configure:3594: gcc -o conftest -O3 -Wall   -O3 -Wall conftest.c  -lgmp >&5
configure:3594: $? = 0
configure:3594: ./conftest
configure:3594: $? = 0
configure:3596: result: found
configure:3605: checking whether GMP is 4.0 or greater
configure:3619: gcc -o conftest -O3 -Wall   -O3 -Wall conftest.c  -lgmp >&5
configure:3619: $? = 0
configure:3619: ./conftest
configure:3619: $? = 0
configure:3621: result: yes
configure:3841: creating ./config.status

## ---------------------- ##
## Running config.status. ##
## ---------------------- ##

This file was extended by libpaillier config.status 0.8, which was
generated by GNU Autoconf 2.64.  Invocation command line was

  CONFIG_FILES    = 
  CONFIG_HEADERS  = 
  CONFIG_LINKS    = 
  CONFIG_COMMANDS = 
  $ ./config.status 

on pony

config.status:726: creating Makefile

## ---------------- ##
## Cache variables. ##
## ---------------- ##

ac_cv_c_compiler_gnu=yes
ac_cv_env_CC_set=
ac_cv_env_CC_value=
ac_cv_env_CFLAGS_set=
ac_cv_env_CFLAGS_value=
ac_cv_env_CPPFLAGS_set=
ac_cv_env_CPPFLAGS_value=
ac_cv_env_CPP_set=
ac_cv_env_CPP_value=
ac_cv_env_LDFLAGS_set=
ac_cv_env_LDFLAGS_value=
ac_cv_env_LIBS_set=
ac_cv_env_LIBS_value=
ac_cv_env_build_alias_set=
ac_cv_env_build_alias_value=
ac_cv_env_host_alias_set=
ac_cv_env_host_alias_value=
ac_cv_env_target_alias_set=
ac_cv_env_target_alias_value=
ac_cv_func_malloc_0_nonnull=yes
ac_cv_func_memset=yes
ac_cv_func_realloc_0_nonnull=yes
ac_cv_header_inttypes_h=yes
ac_cv_header_memory_h=yes
ac_cv_header_stdc=yes
ac_cv_header_stdint_h=yes
ac_cv_header_stdlib_h=yes
ac_cv_header_string_h=yes
ac_cv_header_strings_h=yes
ac_cv_header_sys_stat_h=yes
ac_cv_header_sys_types_h=yes
ac_cv_header_unistd_h=yes
ac_cv_objext=o
ac_cv_path_EGREP='/bin/grep -E'
ac_cv_path_GREP=/bin/grep
ac_cv_prog_CPP='gcc -E'
ac_cv_prog_ac_ct_CC=gcc
ac_cv_prog_cc_c89=
ac_cv_prog_cc_g=yes
ac_cv_type_size_t=yes

## ----------------- ##
## Output variables. ##
## ----------------- ##

CC='gcc'
CFLAGS='-O3 -Wall'
CPP='gcc -E'
CPPFLAGS=''
DEFS='-DPACKAGE_NAME=\"libpaillier\" -DPACKAGE_TARNAME=\"libpaillier\" -DPACKAGE_VERSION=\"0.8\" -DPACKAGE_STRING=\"libpaillier\ 0.8\" -DPACKAGE_BUGREPORT=\"bethenco@cs.berkeley.edu\" -DPACKAGE_URL=\"\" -DSTDC_HEADERS=1 -DHAVE_SYS_TYPES_H=1 -DHAVE_SYS_STAT_H=1 -DHAVE_STDLIB_H=1 -DHAVE_STRING_H=1 -DHAVE_MEMORY_H=1 -DHAVE_STRINGS_H=1 -DHAVE_INTTYPES_H=1 -DHAVE_STDINT_H=1 -DHAVE_UNISTD_H=1 -DHAVE_STDLIB_H=1 -DHAVE_STRING_H=1 -DHAVE_STDLIB_H=1 -DHAVE_MALLOC=1 -DHAVE_STDLIB_H=1 -DHAVE_REALLOC=1 -DHAVE_MEMSET=1 -DHAVE_GMP=1'
ECHO_C=''
ECHO_N='-n'
ECHO_T=''
EGREP='/bin/grep -E'
EXEEXT=''
GMP_CFLAGS=''
GMP_LIBS='-lgmp'
GMP_VERSION=''
GREP='/bin/grep'
LDFLAGS='-O3 -Wall'
LIBOBJS=''
LIBS=''
LTLIBOBJS=''
OBJEXT='o'
PACKAGE_BUGREPORT='bethenco@cs.berkeley.edu'
PACKAGE_NAME='libpaillier'
PACKAGE_STRING='libpaillier 0.8'
PACKAGE_TARNAME='libpaillier'
PACKAGE_URL=''
PACKAGE_VERSION='0.8'
PATH_SEPARATOR=':'
SHELL='/bin/bash'
ac_ct_CC='gcc'
bindir='${exec_prefix}/bin'
build_alias=''
datadir='${datarootdir}'
datarootdir='${prefix}/share'
docdir='${datarootdir}/doc/${PACKAGE_TARNAME}'
dvidir='${docdir}'
exec_prefix='${prefix}'
host_alias=''
htmldir='${docdir}'
includedir='${prefix}/include'
infodir='${datarootdir}/info'
libdir='${exec_prefix}/lib'
libexecdir='${exec_prefix}/libexec'
localedir='${datarootdir}/locale'
localstatedir='${prefix}/var'
mandir='${datarootdir}/man'
oldincludedir='/usr/include'
pdfdir='${docdir}'
prefix='/usr/local'
program_transform_name='s,x,x,'
psdir='${docdir}'
sbindir='${exec_prefix}/sbin'
sharedstatedir='${prefix}/com'
sysconfdir='${prefix}/etc'
target_alias=''

## ----------- ##
## confdefs.h. ##
## ----------- ##

/* confdefs.h */
#define PACKAGE_NAME "libpaillier"
#define PACKAGE_TARNAME "libpaillier"
#define PACKAGE_VERSION "0.8"
#define PACKAGE_STRING "libpaillier 0.8"
#define PACKAGE_BUGREPORT "bethenco@cs.berkeley.edu"
#define PACKAGE_URL ""
#define STDC_HEADERS 1
#define HAVE_SYS_TYPES_H 1
#define HAVE_SYS_STAT_H 1
#define HAVE_STDLIB_H 1
#define HAVE_STRING_H 1
#define HAVE_MEMORY_H 1
#define HAVE_STRINGS_H 1
#define HAVE_INTTYPES_H 1
#define HAVE_STDINT_H 1
#define HAVE_UNISTD_H 1
#define HAVE_STDLIB_H 1
#define HAVE_STRING_H 1
#define HAVE_STDLIB_H 1
#define HAVE_MALLOC 1
#define HAVE_STDLIB_H 1
#define HAVE_REALLOC 1
#define HAVE_MEMSET 1
#define HAVE_GMP 1

configure: exit 0
